<?xml version="1.0" encoding="UTF-8"?>
<robot generator="Robot 6.0.2 (Python 3.11.2 on win32)" generated="20230706 17:25:47.662" rpa="false" schemaversion="3">
<suite id="s1" name="SitiRahmiLogInTest" source="C:\Robot-Framework\SitiRahmiLogInTest.robot">
<test id="s1-t1" name="I filled Username Field by Using Student" line="5">
<kw name="Open Browser" library="SeleniumLibrary">
<arg>https://practicetestautomation.com/practice-test-login/</arg>
<arg>gc</arg>
<doc>Opens a new browser instance to the optional ``url``.</doc>
<msg timestamp="20230706 17:25:48.083" level="INFO">Opening browser 'gc' to base url 'https://practicetestautomation.com/practice-test-login/'.</msg>
<status status="PASS" starttime="20230706 17:25:48.082" endtime="20230706 17:25:55.260"/>
</kw>
<kw name="Maximize Browser Window" library="SeleniumLibrary">
<doc>Maximizes current browser window.</doc>
<status status="PASS" starttime="20230706 17:25:55.261" endtime="20230706 17:25:55.398"/>
</kw>
<kw name="Input Text" library="SeleniumLibrary">
<arg>//input[@id="username"]</arg>
<arg>student</arg>
<doc>Types the given ``text`` into the text field identified by ``locator``.</doc>
<msg timestamp="20230706 17:25:55.400" level="INFO">Typing text 'student' into text field '//input[@id="username"]'.</msg>
<status status="PASS" starttime="20230706 17:25:55.399" endtime="20230706 17:25:55.566"/>
</kw>
<kw name="Input Text" library="SeleniumLibrary">
<arg>//input[@id="password"]</arg>
<arg>Password123</arg>
<doc>Types the given ``text`` into the text field identified by ``locator``.</doc>
<msg timestamp="20230706 17:25:55.568" level="INFO">Typing text 'Password123' into text field '//input[@id="password"]'.</msg>
<status status="PASS" starttime="20230706 17:25:55.567" endtime="20230706 17:25:55.733"/>
</kw>
<kw name="Click Element" library="SeleniumLibrary">
<arg>//button[@id="submit"]</arg>
<doc>Click the element identified by ``locator``.</doc>
<msg timestamp="20230706 17:25:55.735" level="INFO">Clicking element '//button[@id="submit"]'.</msg>
<status status="PASS" starttime="20230706 17:25:55.734" endtime="20230706 17:25:59.554"/>
</kw>
<kw name="Close Browser" library="SeleniumLibrary">
<doc>Closes the current browser.</doc>
<status status="PASS" starttime="20230706 17:25:59.555" endtime="20230706 17:26:01.808"/>
</kw>
<status status="PASS" starttime="20230706 17:25:48.081" endtime="20230706 17:26:01.809"/>
</test>
<test id="s1-t2" name="I filled Username Field by Using IncorrectUser" line="13">
<kw name="Open Browser" library="SeleniumLibrary">
<arg>https://practicetestautomation.com/practice-test-login/</arg>
<arg>gc</arg>
<doc>Opens a new browser instance to the optional ``url``.</doc>
<msg timestamp="20230706 17:26:01.813" level="INFO">Opening browser 'gc' to base url 'https://practicetestautomation.com/practice-test-login/'.</msg>
<status status="PASS" starttime="20230706 17:26:01.812" endtime="20230706 17:26:14.294"/>
</kw>
<kw name="Maximize Browser Window" library="SeleniumLibrary">
<doc>Maximizes current browser window.</doc>
<status status="PASS" starttime="20230706 17:26:14.295" endtime="20230706 17:26:14.438"/>
</kw>
<kw name="Input Text" library="SeleniumLibrary">
<arg>//input[@id="username"]</arg>
<arg>incorrectUser</arg>
<doc>Types the given ``text`` into the text field identified by ``locator``.</doc>
<msg timestamp="20230706 17:26:14.440" level="INFO">Typing text 'incorrectUser' into text field '//input[@id="username"]'.</msg>
<status status="PASS" starttime="20230706 17:26:14.439" endtime="20230706 17:26:14.639"/>
</kw>
<kw name="Input Text" library="SeleniumLibrary">
<arg>//input[@id="password"]</arg>
<arg>Password123</arg>
<doc>Types the given ``text`` into the text field identified by ``locator``.</doc>
<msg timestamp="20230706 17:26:14.641" level="INFO">Typing text 'Password123' into text field '//input[@id="password"]'.</msg>
<status status="PASS" starttime="20230706 17:26:14.640" endtime="20230706 17:26:14.815"/>
</kw>
<kw name="Click Element" library="SeleniumLibrary">
<arg>//button[@id="submit"]</arg>
<doc>Click the element identified by ``locator``.</doc>
<msg timestamp="20230706 17:26:14.817" level="INFO">Clicking element '//button[@id="submit"]'.</msg>
<status status="PASS" starttime="20230706 17:26:14.816" endtime="20230706 17:26:14.916"/>
</kw>
<kw name="Close Browser" library="SeleniumLibrary">
<doc>Closes the current browser.</doc>
<status status="PASS" starttime="20230706 17:26:14.916" endtime="20230706 17:26:17.940"/>
</kw>
<status status="PASS" starttime="20230706 17:26:01.811" endtime="20230706 17:26:17.941"/>
</test>
<test id="s1-t3" name="I filled Username Field by Using Name" line="21">
<kw name="Open Browser" library="SeleniumLibrary">
<arg>https://practicetestautomation.com/practice-test-login/</arg>
<arg>gc</arg>
<doc>Opens a new browser instance to the optional ``url``.</doc>
<msg timestamp="20230706 17:26:17.944" level="INFO">Opening browser 'gc' to base url 'https://practicetestautomation.com/practice-test-login/'.</msg>
<status status="PASS" starttime="20230706 17:26:17.943" endtime="20230706 17:26:24.164"/>
</kw>
<kw name="Maximize Browser Window" library="SeleniumLibrary">
<doc>Maximizes current browser window.</doc>
<status status="PASS" starttime="20230706 17:26:24.165" endtime="20230706 17:26:24.308"/>
</kw>
<kw name="Input Text" library="SeleniumLibrary">
<arg>//input[@id="username"]</arg>
<arg>student</arg>
<doc>Types the given ``text`` into the text field identified by ``locator``.</doc>
<msg timestamp="20230706 17:26:24.310" level="INFO">Typing text 'student' into text field '//input[@id="username"]'.</msg>
<status status="PASS" starttime="20230706 17:26:24.309" endtime="20230706 17:26:24.478"/>
</kw>
<kw name="Input Text" library="SeleniumLibrary">
<arg>//input[@id="password"]</arg>
<arg>incorrectPassword</arg>
<doc>Types the given ``text`` into the text field identified by ``locator``.</doc>
<msg timestamp="20230706 17:26:24.480" level="INFO">Typing text 'incorrectPassword' into text field '//input[@id="password"]'.</msg>
<status status="PASS" starttime="20230706 17:26:24.479" endtime="20230706 17:26:24.645"/>
</kw>
<kw name="Click Element" library="SeleniumLibrary">
<arg>//button[@id="submit"]</arg>
<doc>Click the element identified by ``locator``.</doc>
<msg timestamp="20230706 17:26:24.648" level="INFO">Clicking element '//button[@id="submit"]'.</msg>
<status status="PASS" starttime="20230706 17:26:24.646" endtime="20230706 17:26:24.775"/>
</kw>
<kw name="Close Browser" library="SeleniumLibrary">
<doc>Closes the current browser.</doc>
<status status="PASS" starttime="20230706 17:26:24.776" endtime="20230706 17:26:26.961"/>
</kw>
<status status="PASS" starttime="20230706 17:26:17.943" endtime="20230706 17:26:26.962"/>
</test>
<status status="PASS" starttime="20230706 17:25:47.665" endtime="20230706 17:26:26.964"/>
</suite>
<statistics>
<total>
<stat pass="3" fail="0" skip="0">All Tests</stat>
</total>
<tag>
</tag>
<suite>
<stat pass="3" fail="0" skip="0" id="s1" name="SitiRahmiLogInTest">SitiRahmiLogInTest</stat>
</suite>
</statistics>
<errors>
</errors>
</robot>
